[debug] [2020-09-05T07:17:16.238Z] ----------------------------------------------------------------------
[debug] [2020-09-05T07:17:16.240Z] Command:       C:\Program Files\nodejs\node.exe C:\Users\This PC\AppData\Roaming\npm\node_modules\firebase-tools\lib\bin\firebase.js deploy --only hosting:designurspace
[debug] [2020-09-05T07:17:16.240Z] CLI Version:   8.10.0
[debug] [2020-09-05T07:17:16.240Z] Platform:      win32
[debug] [2020-09-05T07:17:16.240Z] Node Version:  v12.18.2
[debug] [2020-09-05T07:17:16.241Z] Time:          Sat Sep 05 2020 12:47:16 GMT+0530 (India Standard Time)
[debug] [2020-09-05T07:17:16.242Z] ----------------------------------------------------------------------
[debug] [2020-09-05T07:17:16.242Z] 
[debug] [2020-09-05T07:17:16.266Z] > command requires scopes: ["email","openid","https://www.googleapis.com/auth/cloudplatformprojects.readonly","https://www.googleapis.com/auth/firebase","https://www.googleapis.com/auth/cloud-platform"]
[debug] [2020-09-05T07:17:16.267Z] > authorizing via signed-in user
[debug] [2020-09-05T07:17:16.267Z] [iam] checking project designyourspace-352a7 for permissions ["firebase.projects.get","firebasehosting.sites.update"]
[debug] [2020-09-05T07:17:16.273Z] >>> HTTP REQUEST POST https://cloudresourcemanager.googleapis.com/v1/projects/designyourspace-352a7:testIamPermissions  
 {"permissions":["firebase.projects.get","firebasehosting.sites.update"]}
[debug] [2020-09-05T07:17:18.275Z] <<< HTTP RESPONSE 200 {"content-type":"application/json; charset=UTF-8","vary":"X-Origin, Referer, Origin,Accept-Encoding","date":"Sat, 05 Sep 2020 07:17:15 GMT","server":"ESF","cache-control":"private","x-xss-protection":"0","x-frame-options":"SAMEORIGIN","x-content-type-options":"nosniff","server-timing":"gfet4t7; dur=1195","alt-svc":"h3-29=\":443\"; ma=2592000,h3-27=\":443\"; ma=2592000,h3-T051=\":443\"; ma=2592000,h3-T050=\":443\"; ma=2592000,h3-Q050=\":443\"; ma=2592000,h3-Q046=\":443\"; ma=2592000,h3-Q043=\":443\"; ma=2592000,quic=\":443\"; ma=2592000; v=\"46,43\"","accept-ranges":"none","transfer-encoding":"chunked"}
[debug] [2020-09-05T07:17:18.277Z] >>> HTTP REQUEST GET https://firebase.googleapis.com/v1beta1/projects/designyourspace-352a7  
 
[debug] [2020-09-05T07:17:19.111Z] <<< HTTP RESPONSE 200 {"content-type":"application/json; charset=UTF-8","vary":"X-Origin, Referer, Origin,Accept-Encoding","date":"Sat, 05 Sep 2020 07:17:16 GMT","server":"ESF","cache-control":"private","x-xss-protection":"0","x-frame-options":"SAMEORIGIN","x-content-type-options":"nosniff","alt-svc":"h3-29=\":443\"; ma=2592000,h3-27=\":443\"; ma=2592000,h3-T051=\":443\"; ma=2592000,h3-T050=\":443\"; ma=2592000,h3-Q050=\":443\"; ma=2592000,h3-Q046=\":443\"; ma=2592000,h3-Q043=\":443\"; ma=2592000,quic=\":443\"; ma=2592000; v=\"46,43\"","accept-ranges":"none","transfer-encoding":"chunked"}
[info] 
[info] === Deploying to 'designyourspace-352a7'...
[info] 
[info] i  deploying hosting 
[info] 
[info] +  Deploy complete! 
[info] 
[info] Project Console: https://console.firebase.google.com/project/designyourspace-352a7/overview
[debug] [2020-09-05T07:17:19.577Z] TypeError: Cannot read property 'deploys' of undefined
    at C:\Users\This PC\AppData\Roaming\npm\node_modules\firebase-tools\lib\deploy\index.js:84:36
    at processTicksAndRejections (internal/process/task_queues.js:97:5)
[error] 
[error] Error: An unexpected error has occurred.
